<?xml version="1.0" encoding="UTF-8"?>
<testsuite xmlns:xsi="http://www.w3.org/2001/XMLSchema-instance" xsi:noNamespaceSchemaLocation="https://maven.apache.org/surefire/maven-surefire-plugin/xsd/surefire-test-report.xsd" name="TestSuite" time="10.783" tests="6" errors="0" skipped="0" failures="3">
  <properties>
    <property name="sun.desktop" value="windows"/>
    <property name="awt.toolkit" value="sun.awt.windows.WToolkit"/>
    <property name="file.encoding.pkg" value="sun.io"/>
    <property name="java.specification.version" value="1.8"/>
    <property name="sun.cpu.isalist" value="amd64"/>
    <property name="sun.jnu.encoding" value="Cp1252"/>
    <property name="java.class.path" value="F:\seleniumworkspaces\RestASSUREDAPI\APITestingFramework\target\test-classes;F:\seleniumworkspaces\RestASSUREDAPI\APITestingFramework\target\classes;C:\Users\WAY2AUTOMATION\.m2\repository\io\rest-assured\rest-assured\4.1.2\rest-assured-4.1.2.jar;C:\Users\WAY2AUTOMATION\.m2\repository\org\codehaus\groovy\groovy\2.5.8\groovy-2.5.8.jar;C:\Users\WAY2AUTOMATION\.m2\repository\org\codehaus\groovy\groovy-xml\2.5.8\groovy-xml-2.5.8.jar;C:\Users\WAY2AUTOMATION\.m2\repository\org\apache\httpcomponents\httpclient\4.5.3\httpclient-4.5.3.jar;C:\Users\WAY2AUTOMATION\.m2\repository\org\apache\httpcomponents\httpcore\4.4.6\httpcore-4.4.6.jar;C:\Users\WAY2AUTOMATION\.m2\repository\commons-logging\commons-logging\1.2\commons-logging-1.2.jar;C:\Users\WAY2AUTOMATION\.m2\repository\org\apache\httpcomponents\httpmime\4.5.3\httpmime-4.5.3.jar;C:\Users\WAY2AUTOMATION\.m2\repository\org\hamcrest\hamcrest\2.1\hamcrest-2.1.jar;C:\Users\WAY2AUTOMATION\.m2\repository\org\ccil\cowan\tagsoup\tagsoup\1.2.1\tagsoup-1.2.1.jar;C:\Users\WAY2AUTOMATION\.m2\repository\io\rest-assured\json-path\4.1.2\json-path-4.1.2.jar;C:\Users\WAY2AUTOMATION\.m2\repository\org\codehaus\groovy\groovy-json\2.5.8\groovy-json-2.5.8.jar;C:\Users\WAY2AUTOMATION\.m2\repository\io\rest-assured\rest-assured-common\4.1.2\rest-assured-common-4.1.2.jar;C:\Users\WAY2AUTOMATION\.m2\repository\io\rest-assured\xml-path\4.1.2\xml-path-4.1.2.jar;C:\Users\WAY2AUTOMATION\.m2\repository\org\apache\commons\commons-lang3\3.4\commons-lang3-3.4.jar;C:\Users\WAY2AUTOMATION\.m2\repository\javax\xml\bind\jaxb-api\2.3.1\jaxb-api-2.3.1.jar;C:\Users\WAY2AUTOMATION\.m2\repository\javax\activation\javax.activation-api\1.2.0\javax.activation-api-1.2.0.jar;C:\Users\WAY2AUTOMATION\.m2\repository\com\sun\xml\bind\jaxb-osgi\2.3.0.1\jaxb-osgi-2.3.0.1.jar;C:\Users\WAY2AUTOMATION\.m2\repository\org\apache\sling\org.apache.sling.javax.activation\0.1.0\org.apache.sling.javax.activation-0.1.0.jar;C:\Users\WAY2AUTOMATION\.m2\repository\javax\activation\activation\1.1.1\activation-1.1.1.jar;C:\Users\WAY2AUTOMATION\.m2\repository\org\testng\testng\6.14.3\testng-6.14.3.jar;C:\Users\WAY2AUTOMATION\.m2\repository\com\beust\jcommander\1.72\jcommander-1.72.jar;C:\Users\WAY2AUTOMATION\.m2\repository\org\apache-extras\beanshell\bsh\2.0b6\bsh-2.0b6.jar;C:\Users\WAY2AUTOMATION\.m2\repository\org\json\json\20190722\json-20190722.jar;C:\Users\WAY2AUTOMATION\.m2\repository\com\fasterxml\jackson\core\jackson-databind\2.10.0\jackson-databind-2.10.0.jar;C:\Users\WAY2AUTOMATION\.m2\repository\com\fasterxml\jackson\core\jackson-annotations\2.10.0\jackson-annotations-2.10.0.jar;C:\Users\WAY2AUTOMATION\.m2\repository\com\fasterxml\jackson\core\jackson-core\2.10.0\jackson-core-2.10.0.jar;C:\Users\WAY2AUTOMATION\.m2\repository\org\apache\poi\poi\4.1.0\poi-4.1.0.jar;C:\Users\WAY2AUTOMATION\.m2\repository\commons-codec\commons-codec\1.12\commons-codec-1.12.jar;C:\Users\WAY2AUTOMATION\.m2\repository\org\apache\commons\commons-collections4\4.3\commons-collections4-4.3.jar;C:\Users\WAY2AUTOMATION\.m2\repository\org\apache\commons\commons-math3\3.6.1\commons-math3-3.6.1.jar;C:\Users\WAY2AUTOMATION\.m2\repository\org\apache\poi\poi-ooxml\4.1.0\poi-ooxml-4.1.0.jar;C:\Users\WAY2AUTOMATION\.m2\repository\org\apache\commons\commons-compress\1.18\commons-compress-1.18.jar;C:\Users\WAY2AUTOMATION\.m2\repository\com\github\virtuald\curvesapi\1.06\curvesapi-1.06.jar;C:\Users\WAY2AUTOMATION\.m2\repository\dom4j\dom4j\1.6.1\dom4j-1.6.1.jar;C:\Users\WAY2AUTOMATION\.m2\repository\xml-apis\xml-apis\1.0.b2\xml-apis-1.0.b2.jar;C:\Users\WAY2AUTOMATION\.m2\repository\org\apache\xmlbeans\xmlbeans\3.1.0\xmlbeans-3.1.0.jar;C:\Users\WAY2AUTOMATION\.m2\repository\org\apache\poi\poi-ooxml-schemas\4.1.0\poi-ooxml-schemas-4.1.0.jar;C:\Users\WAY2AUTOMATION\.m2\repository\com\aventstack\extentreports\4.0.9\extentreports-4.0.9.jar;C:\Users\WAY2AUTOMATION\.m2\repository\org\freemarker\freemarker\2.3.23\freemarker-2.3.23.jar;C:\Users\WAY2AUTOMATION\.m2\repository\org\mongodb\mongodb-driver\3.3.0\mongodb-driver-3.3.0.jar;C:\Users\WAY2AUTOMATION\.m2\repository\org\mongodb\mongodb-driver-core\3.3.0\mongodb-driver-core-3.3.0.jar;C:\Users\WAY2AUTOMATION\.m2\repository\org\mongodb\bson\3.3.0\bson-3.3.0.jar;C:\Users\WAY2AUTOMATION\.m2\repository\com\google\code\gson\gson\2.8.5\gson-2.8.5.jar;C:\Users\WAY2AUTOMATION\.m2\repository\org\apache\maven\surefire\surefire-testng-utils\2.22.0\surefire-testng-utils-2.22.0.jar;C:\Users\WAY2AUTOMATION\.m2\repository\org\apache\maven\surefire\surefire-grouper\2.22.0\surefire-grouper-2.22.0.jar;"/>
    <property name="java.vm.vendor" value="Oracle Corporation"/>
    <property name="sun.arch.data.model" value="64"/>
    <property name="user.variant" value=""/>
    <property name="java.vendor.url" value="http://java.oracle.com/"/>
    <property name="user.timezone" value="Asia/Calcutta"/>
    <property name="java.vm.specification.version" value="1.8"/>
    <property name="os.name" value="Windows 10"/>
    <property name="user.country" value="US"/>
    <property name="sun.java.launcher" value="SUN_STANDARD"/>
    <property name="sun.boot.library.path" value="C:\Program Files\Java\jdk1.8.0_171\jre\bin"/>
    <property name="sun.java.command" value="C:\Users\WAY2AU~1\AppData\Local\Temp\surefire1821883478012562976\surefirebooter8371440782831478692.jar C:\Users\WAY2AUTOMATION\AppData\Local\Temp\surefire1821883478012562976 2019-12-20T16-11-44_569-jvmRun1 surefire7042198975149557642tmp surefire_07266893638176370239tmp"/>
    <property name="surefire.test.class.path" value="F:\seleniumworkspaces\RestASSUREDAPI\APITestingFramework\target\test-classes;F:\seleniumworkspaces\RestASSUREDAPI\APITestingFramework\target\classes;C:\Users\WAY2AUTOMATION\.m2\repository\io\rest-assured\rest-assured\4.1.2\rest-assured-4.1.2.jar;C:\Users\WAY2AUTOMATION\.m2\repository\org\codehaus\groovy\groovy\2.5.8\groovy-2.5.8.jar;C:\Users\WAY2AUTOMATION\.m2\repository\org\codehaus\groovy\groovy-xml\2.5.8\groovy-xml-2.5.8.jar;C:\Users\WAY2AUTOMATION\.m2\repository\org\apache\httpcomponents\httpclient\4.5.3\httpclient-4.5.3.jar;C:\Users\WAY2AUTOMATION\.m2\repository\org\apache\httpcomponents\httpcore\4.4.6\httpcore-4.4.6.jar;C:\Users\WAY2AUTOMATION\.m2\repository\commons-logging\commons-logging\1.2\commons-logging-1.2.jar;C:\Users\WAY2AUTOMATION\.m2\repository\org\apache\httpcomponents\httpmime\4.5.3\httpmime-4.5.3.jar;C:\Users\WAY2AUTOMATION\.m2\repository\org\hamcrest\hamcrest\2.1\hamcrest-2.1.jar;C:\Users\WAY2AUTOMATION\.m2\repository\org\ccil\cowan\tagsoup\tagsoup\1.2.1\tagsoup-1.2.1.jar;C:\Users\WAY2AUTOMATION\.m2\repository\io\rest-assured\json-path\4.1.2\json-path-4.1.2.jar;C:\Users\WAY2AUTOMATION\.m2\repository\org\codehaus\groovy\groovy-json\2.5.8\groovy-json-2.5.8.jar;C:\Users\WAY2AUTOMATION\.m2\repository\io\rest-assured\rest-assured-common\4.1.2\rest-assured-common-4.1.2.jar;C:\Users\WAY2AUTOMATION\.m2\repository\io\rest-assured\xml-path\4.1.2\xml-path-4.1.2.jar;C:\Users\WAY2AUTOMATION\.m2\repository\org\apache\commons\commons-lang3\3.4\commons-lang3-3.4.jar;C:\Users\WAY2AUTOMATION\.m2\repository\javax\xml\bind\jaxb-api\2.3.1\jaxb-api-2.3.1.jar;C:\Users\WAY2AUTOMATION\.m2\repository\javax\activation\javax.activation-api\1.2.0\javax.activation-api-1.2.0.jar;C:\Users\WAY2AUTOMATION\.m2\repository\com\sun\xml\bind\jaxb-osgi\2.3.0.1\jaxb-osgi-2.3.0.1.jar;C:\Users\WAY2AUTOMATION\.m2\repository\org\apache\sling\org.apache.sling.javax.activation\0.1.0\org.apache.sling.javax.activation-0.1.0.jar;C:\Users\WAY2AUTOMATION\.m2\repository\javax\activation\activation\1.1.1\activation-1.1.1.jar;C:\Users\WAY2AUTOMATION\.m2\repository\org\testng\testng\6.14.3\testng-6.14.3.jar;C:\Users\WAY2AUTOMATION\.m2\repository\com\beust\jcommander\1.72\jcommander-1.72.jar;C:\Users\WAY2AUTOMATION\.m2\repository\org\apache-extras\beanshell\bsh\2.0b6\bsh-2.0b6.jar;C:\Users\WAY2AUTOMATION\.m2\repository\org\json\json\20190722\json-20190722.jar;C:\Users\WAY2AUTOMATION\.m2\repository\com\fasterxml\jackson\core\jackson-databind\2.10.0\jackson-databind-2.10.0.jar;C:\Users\WAY2AUTOMATION\.m2\repository\com\fasterxml\jackson\core\jackson-annotations\2.10.0\jackson-annotations-2.10.0.jar;C:\Users\WAY2AUTOMATION\.m2\repository\com\fasterxml\jackson\core\jackson-core\2.10.0\jackson-core-2.10.0.jar;C:\Users\WAY2AUTOMATION\.m2\repository\org\apache\poi\poi\4.1.0\poi-4.1.0.jar;C:\Users\WAY2AUTOMATION\.m2\repository\commons-codec\commons-codec\1.12\commons-codec-1.12.jar;C:\Users\WAY2AUTOMATION\.m2\repository\org\apache\commons\commons-collections4\4.3\commons-collections4-4.3.jar;C:\Users\WAY2AUTOMATION\.m2\repository\org\apache\commons\commons-math3\3.6.1\commons-math3-3.6.1.jar;C:\Users\WAY2AUTOMATION\.m2\repository\org\apache\poi\poi-ooxml\4.1.0\poi-ooxml-4.1.0.jar;C:\Users\WAY2AUTOMATION\.m2\repository\org\apache\commons\commons-compress\1.18\commons-compress-1.18.jar;C:\Users\WAY2AUTOMATION\.m2\repository\com\github\virtuald\curvesapi\1.06\curvesapi-1.06.jar;C:\Users\WAY2AUTOMATION\.m2\repository\dom4j\dom4j\1.6.1\dom4j-1.6.1.jar;C:\Users\WAY2AUTOMATION\.m2\repository\xml-apis\xml-apis\1.0.b2\xml-apis-1.0.b2.jar;C:\Users\WAY2AUTOMATION\.m2\repository\org\apache\xmlbeans\xmlbeans\3.1.0\xmlbeans-3.1.0.jar;C:\Users\WAY2AUTOMATION\.m2\repository\org\apache\poi\poi-ooxml-schemas\4.1.0\poi-ooxml-schemas-4.1.0.jar;C:\Users\WAY2AUTOMATION\.m2\repository\com\aventstack\extentreports\4.0.9\extentreports-4.0.9.jar;C:\Users\WAY2AUTOMATION\.m2\repository\org\freemarker\freemarker\2.3.23\freemarker-2.3.23.jar;C:\Users\WAY2AUTOMATION\.m2\repository\org\mongodb\mongodb-driver\3.3.0\mongodb-driver-3.3.0.jar;C:\Users\WAY2AUTOMATION\.m2\repository\org\mongodb\mongodb-driver-core\3.3.0\mongodb-driver-core-3.3.0.jar;C:\Users\WAY2AUTOMATION\.m2\repository\org\mongodb\bson\3.3.0\bson-3.3.0.jar;C:\Users\WAY2AUTOMATION\.m2\repository\com\google\code\gson\gson\2.8.5\gson-2.8.5.jar;C:\Users\WAY2AUTOMATION\.m2\repository\org\apache\maven\surefire\surefire-testng-utils\2.22.0\surefire-testng-utils-2.22.0.jar;C:\Users\WAY2AUTOMATION\.m2\repository\org\apache\maven\surefire\surefire-grouper\2.22.0\surefire-grouper-2.22.0.jar;"/>
    <property name="sun.cpu.endian" value="little"/>
    <property name="user.home" value="C:\Users\WAY2AUTOMATION"/>
    <property name="user.language" value="en"/>
    <property name="java.specification.vendor" value="Oracle Corporation"/>
    <property name="java.home" value="C:\Program Files\Java\jdk1.8.0_171\jre"/>
    <property name="basedir" value="F:\seleniumworkspaces\RestASSUREDAPI\APITestingFramework"/>
    <property name="file.separator" value="\"/>
    <property name="line.separator" value="&#10;"/>
    <property name="java.vm.specification.vendor" value="Oracle Corporation"/>
    <property name="java.specification.name" value="Java Platform API Specification"/>
    <property name="java.awt.graphicsenv" value="sun.awt.Win32GraphicsEnvironment"/>
    <property name="surefire.real.class.path" value="C:\Users\WAY2AU~1\AppData\Local\Temp\surefire1821883478012562976\surefirebooter8371440782831478692.jar"/>
    <property name="sun.boot.class.path" value="C:\Program Files\Java\jdk1.8.0_171\jre\lib\resources.jar;C:\Program Files\Java\jdk1.8.0_171\jre\lib\rt.jar;C:\Program Files\Java\jdk1.8.0_171\jre\lib\sunrsasign.jar;C:\Program Files\Java\jdk1.8.0_171\jre\lib\jsse.jar;C:\Program Files\Java\jdk1.8.0_171\jre\lib\jce.jar;C:\Program Files\Java\jdk1.8.0_171\jre\lib\charsets.jar;C:\Program Files\Java\jdk1.8.0_171\jre\lib\jfr.jar;C:\Program Files\Java\jdk1.8.0_171\jre\classes"/>
    <property name="user.script" value=""/>
    <property name="sun.management.compiler" value="HotSpot 64-Bit Tiered Compilers"/>
    <property name="java.runtime.version" value="1.8.0_171-b11"/>
    <property name="user.name" value="WAY2AUTOMATION"/>
    <property name="path.separator" value=";"/>
    <property name="os.version" value="10.0"/>
    <property name="java.endorsed.dirs" value="C:\Program Files\Java\jdk1.8.0_171\jre\lib\endorsed"/>
    <property name="java.runtime.name" value="Java(TM) SE Runtime Environment"/>
    <property name="file.encoding" value="Cp1252"/>
    <property name="java.vm.name" value="Java HotSpot(TM) 64-Bit Server VM"/>
    <property name="localRepository" value="C:\Users\WAY2AUTOMATION\.m2\repository"/>
    <property name="java.vendor.url.bug" value="http://bugreport.sun.com/bugreport/"/>
    <property name="java.io.tmpdir" value="C:\Users\WAY2AU~1\AppData\Local\Temp\"/>
    <property name="java.version" value="1.8.0_171"/>
    <property name="user.dir" value="F:\seleniumworkspaces\RestASSUREDAPI\APITestingFramework"/>
    <property name="os.arch" value="amd64"/>
    <property name="java.vm.specification.name" value="Java Virtual Machine Specification"/>
    <property name="java.awt.printerjob" value="sun.awt.windows.WPrinterJob"/>
    <property name="sun.os.patch.level" value=""/>
    <property name="java.library.path" value="C:\Program Files\Java\jdk1.8.0_171\jre\bin;C:\WINDOWS\Sun\Java\bin;C:\WINDOWS\system32;C:\WINDOWS;F:\selenium-prerequisite\apache-maven-3.0.5-bin\apache-maven-3.0.5/bin;C:\Program Files\Java\jdk1.8.0_171/bin;C:\Program Files\Java\jdk1.8.0_171/bin;C:\Program Files (x86)\Common Files\Intel\Shared Files\cpp\bin\Intel64;C:\Program Files (x86)\Common Files\Oracle\Java\javapath;C:\Program Files (x86)\Intel\iCLS Client\;C:\Program Files\Intel\iCLS Client\;C:\WINDOWS\system32;C:\WINDOWS;C:\WINDOWS\System32\Wbem;C:\WINDOWS\System32\WindowsPowerShell\v1.0\;c:\Program Files (x86)\ATI Technologies\ATI.ACE\Core-Static;C:\Program Files\Intel\WiFi\bin\;C:\Program Files\Common Files\Intel\WirelessCommon\;C:\Program Files\Java\jdk1.8.0_171\bin;F:\selenium-prerequisite\apache-maven-3.0.5-bin\apache-maven-3.0.5\bin;C:\Program Files\nodejs\;C:\WINDOWS\System32\OpenSSH\;C:\Program Files\Microsoft VS Code\bin;C:\Users\WAY2AUTOMATION\AppData\Local\Android\Sdk\tools;C:\Users\WAY2AUTOMATION\AppData\Local\Android\Sdk\platform-tools;C:\Program Files\Git\cmd;;C:\Program Files\Microsoft VS Code\bin;C:\Users\WAY2AUTOMATION\AppData\Roaming\npm;%USERPROFILE%\AppData\Local\Microsoft\WindowsApps;."/>
    <property name="java.vm.info" value="mixed mode"/>
    <property name="java.vendor" value="Oracle Corporation"/>
    <property name="java.vm.version" value="25.171-b11"/>
    <property name="java.ext.dirs" value="C:\Program Files\Java\jdk1.8.0_171\jre\lib\ext;C:\WINDOWS\Sun\Java\lib\ext"/>
    <property name="sun.io.unicode.encoding" value="UnicodeLittle"/>
    <property name="java.class.version" value="52.0"/>
  </properties>
  <testcase name="validateCreateCustomerAPIWithInValidSecretKey" classname="com.w2a.APITestingFramework.testcases.CreateCustomerTest" time="2.332">
    <failure message="expected [200] but found [401]" type="java.lang.AssertionError">java.lang.AssertionError: expected [200] but found [401]
	at com.w2a.APITestingFramework.testcases.CreateCustomerTest.validateCreateCustomerAPIWithInValidSecretKey(CreateCustomerTest.java:41)
</failure>
    <system-out><![CDATA[Total rows are : 14
Test name is : validateCreateCustomerAPIWithInValidSecretKey
Test case starts from row num: 7
Total rows of data are : 1
Total cols are : 3
{
    "error": {
        "message": "Invalid API Key provided: sk_test_***********************N123",
        "type": "invalid_request_error"
    }
}
401
]]></system-out>
  </testcase>
  <testcase name="validateCreateCustomerAPIWithValidSecretKey" classname="com.w2a.APITestingFramework.testcases.CreateCustomerTest" time="0.847"/>
  <testcase name="validateCreateCustomerAPIWithValidSecretKey" classname="com.w2a.APITestingFramework.testcases.CreateCustomerTest" time="0.821"/>
  <testcase name="validateCreateCustomerAPIWithValidSecretKey" classname="com.w2a.APITestingFramework.testcases.CreateCustomerTest" time="0.906"/>
  <testcase name="deleteCustomer" classname="com.w2a.APITestingFramework.testcases.DeleteCustomerTest" time="0.981">
    <failure message="ID key is not present in the JSON response expected [true] but found [false]" type="java.lang.AssertionError">java.lang.AssertionError: ID key is not present in the JSON response expected [true] but found [false]
	at com.w2a.APITestingFramework.testcases.DeleteCustomerTest.deleteCustomer(DeleteCustomerTest.java:51)
</failure>
    <system-out><![CDATA[Total rows are : 14
Test name is : deleteCustomer
Test case starts from row num: 11
Total rows of data are : 2
Total cols are : 1
{
    "error": {
        "code": "resource_missing",
        "doc_url": "https://stripe.com/docs/error-codes/resource-missing",
        "message": "No such customer: cus_GNlt2FBIs7YE6u",
        "param": "id",
        "type": "invalid_request_error"
    }
}
404
Presence check for Object Key : false
Presence check for Deleted Key : false
]]></system-out>
  </testcase>
  <testcase name="deleteCustomer" classname="com.w2a.APITestingFramework.testcases.DeleteCustomerTest" time="0.903">
    <failure message="ID key is not present in the JSON response expected [true] but found [false]" type="java.lang.AssertionError">java.lang.AssertionError: ID key is not present in the JSON response expected [true] but found [false]
	at com.w2a.APITestingFramework.testcases.DeleteCustomerTest.deleteCustomer(DeleteCustomerTest.java:51)
</failure>
    <system-out><![CDATA[{
    "error": {
        "code": "resource_missing",
        "doc_url": "https://stripe.com/docs/error-codes/resource-missing",
        "message": "No such customer: cus_DlVwM6V1IrpVZQ",
        "param": "id",
        "type": "invalid_request_error"
    }
}
404
Presence check for Object Key : false
Presence check for Deleted Key : false
]]></system-out>
  </testcase>
</testsuite>