<?xml version="1.0" encoding="UTF-8"?>
<!-- Generated by org.testng.reporters.JUnitReportReporter -->
<testsuite skipped="0" hostname="DESKTOP-3SL4LUB" name="com.w2a.APITestingFramework.testcases.paypal.GetOrderTest" tests="1" failures="0" timestamp="25 Dec 2019 13:09:57 GMT" time="3.084" errors="0">
  <testcase name="getOrder" time="3.084" classname="com.w2a.APITestingFramework.testcases.paypal.GetOrderTest"/>
</testsuite> <!-- com.w2a.APITestingFramework.testcases.paypal.GetOrderTest -->
