<?xml version="1.0" encoding="UTF-8"?>
<!-- Generated by org.testng.reporters.JUnitReportReporter -->
<testsuite skipped="0" hostname="DESKTOP-3SL4LUB" name="com.w2a.APITestingFramework.testcases.paypal.CreateOrderTest" tests="1" failures="0" timestamp="12 Jan 2020 07:38:24 GMT" time="7.810" errors="0">
  <testcase name="createOrder" time="7.810" classname="com.w2a.APITestingFramework.testcases.paypal.CreateOrderTest"/>
</testsuite> <!-- com.w2a.APITestingFramework.testcases.paypal.CreateOrderTest -->
