<?xml version="1.0" encoding="UTF-8"?>
<!-- Generated by org.testng.reporters.JUnitReportReporter -->
<testsuite skipped="0" hostname="DESKTOP-3SL4LUB" name="com.w2a.APITestingFramework.rough.TestPayPal" tests="3" failures="0" timestamp="25 Dec 2019 12:19:00 GMT" time="8.335" errors="0">
  <testcase name="getAuthKey" time="4.219" classname="com.w2a.APITestingFramework.rough.TestPayPal"/>
  <testcase name="createOrder" time="2.563" classname="com.w2a.APITestingFramework.rough.TestPayPal"/>
  <testcase name="getOrder" time="1.553" classname="com.w2a.APITestingFramework.rough.TestPayPal"/>
</testsuite> <!-- com.w2a.APITestingFramework.rough.TestPayPal -->
