<?xml version="1.0" encoding="UTF-8"?>
<!-- Generated by org.testng.reporters.JUnitReportReporter -->
<testsuite skipped="0" hostname="DESKTOP-3SL4LUB" name="com.w2a.APITestingFramework.rough.SendPOSTRequestUsingRestAssured" tests="2" failures="0" timestamp="25 Dec 2019 09:43:18 GMT" time="6.301" errors="0">
  <testcase name="getAuthKey" time="4.094" classname="com.w2a.APITestingFramework.rough.SendPOSTRequestUsingRestAssured"/>
  <testcase name="createOrder" time="2.207" classname="com.w2a.APITestingFramework.rough.SendPOSTRequestUsingRestAssured"/>
</testsuite> <!-- com.w2a.APITestingFramework.rough.SendPOSTRequestUsingRestAssured -->
